<?xml version="1.0" encoding="UTF-8"?>
<!-- Generated by org.testng.reporters.JUnitReportReporter -->
<testsuite skipped="0" hostname="Abhishek" name="scripts.TaskTest" tests="4" failures="0" timestamp="06 Jul 2019 18:17:41 GMT" time="84.938" errors="0">
  <testcase name="createCustomer" time="18.828" classname="scripts.TaskTest"/>
  <testcase name="deleteCustomer" time="13.737" classname="scripts.TaskTest"/>
  <testcase name="deleteProject" time="33.180" classname="scripts.TaskTest"/>
  <testcase name="createProject" time="19.193" classname="scripts.TaskTest"/>
</testsuite> <!-- scripts.TaskTest -->
